JWT_SECRET not set for testing — using generated fallback. Set JWT_SECRET env var.
============================= test session starts ==============================
platform darwin -- Python 3.11.15, pytest-9.0.2, pluggy-1.6.0
rootdir: /Users/Aisha/CodexWork/onboarda-pr-prs-b/arie-backend
configfile: pytest.ini
plugins: anyio-4.12.1, cov-7.1.0, asyncio-1.3.0
asyncio: mode=Mode.STRICT, debug=False, asyncio_default_fixture_loop_scope=None, asyncio_default_test_loop_scope=function
collected 5581 items

tests/test_agent_config_integrity.py .................................   [  0%]
tests/test_agent_executors_wave1.py .................................... [  1%]
..................                                                       [  1%]
tests/test_agent_executors_wave2.py ..........................           [  2%]
tests/test_agent_executors_wave3.py .................................... [  2%]
......                                                                   [  2%]
tests/test_agent_executors_wave4.py .................................... [  3%]
................................................................         [  4%]
tests/test_agent_standardisation.py ..................................   [  5%]
tests/test_ai_agent_catalog.py ....                                      [  5%]
tests/test_aml_trigger_fix.py .......                                    [  5%]
tests/test_api.py ...................................................... [  6%]
........................................................................ [  7%]
.............................                                            [  8%]
tests/test_application.py .................                              [  8%]
tests/test_application_enhanced_requirements.py ........................ [  8%]
................................................                         [  9%]
tests/test_application_lifecycle_tab_shell_static.py ................... [ 10%]
.                                                                        [ 10%]
tests/test_approval_gate.py ............................                 [ 10%]
tests/test_audit.py .......                                              [ 10%]
tests/test_audit_before_after.py ...............                         [ 11%]
tests/test_audit_export.py ..................................            [ 11%]
tests/test_auth.py ............                                          [ 11%]
tests/test_auth_extended.py .........................                    [ 12%]
tests/test_auth_stability.py ............................                [ 12%]
tests/test_authenticated_staging_browser_smoke.py ......                 [ 12%]
tests/test_backoffice_ca_truthflow_static.py ........................... [ 13%]
...                                                                      [ 13%]
tests/test_backoffice_dashboard_runtime.py ..                            [ 13%]
tests/test_backoffice_inline_script_static.py .                          [ 13%]
tests/test_backoffice_kpi_runtime.py .....                               [ 13%]
tests/test_backoffice_login_resilience_runtime.py ......                 [ 13%]
tests/test_backoffice_monitoring_navigation_static.py .......            [ 13%]
tests/test_backoffice_parity.py ...............                          [ 14%]
tests/test_backoffice_periodic_review_baseline_static.py ..              [ 14%]
tests/test_backoffice_periodic_review_documents_static.py .              [ 14%]
tests/test_backoffice_periodic_review_notification_static.py ...         [ 14%]
tests/test_backoffice_periodic_review_risk_static.py ....                [ 14%]
tests/test_backoffice_periodic_review_workspace_static.py ........       [ 14%]
tests/test_backoffice_review_audit.py .................................. [ 14%]
.................................................................        [ 16%]
tests/test_branding.py .........................................         [ 16%]
tests/test_case_command_centre_runtime.py .............................. [ 17%]
                                                                         [ 17%]
tests/test_change_management.py ........................................ [ 18%]
....................                                                     [ 18%]
tests/test_change_management_diff_runtime.py .....                       [ 18%]
tests/test_cleanup_normalized_cascade.py ..                              [ 18%]
tests/test_cm_defects_closure.py ..............................          [ 19%]
tests/test_cm_implement_propagation.py ....................              [ 19%]
tests/test_cm_rbac_portal.py ........................................... [ 20%]
......                                                                   [ 20%]
tests/test_cm_regression_hotfix.py ...............                       [ 20%]
tests/test_complyadvantage_auth.py ...............                       [ 20%]
tests/test_complyadvantage_client.py ...............                     [ 21%]
tests/test_complyadvantage_config.py .............                       [ 21%]
tests/test_complyadvantage_evidence_audit.py ....                        [ 21%]
tests/test_complyadvantage_evidence_backfill.py ........                 [ 21%]
tests/test_complyadvantage_exceptions.py .........                       [ 21%]
tests/test_complyadvantage_historical_backfill.py ...............        [ 22%]
tests/test_complyadvantage_observability.py ...........                  [ 22%]
tests/test_complyadvantage_orchestrator.py .................             [ 22%]
tests/test_complyadvantage_payloads.py ................                  [ 22%]
tests/test_complyadvantage_runtime_e2e.py .........                      [ 23%]
tests/test_complyadvantage_subscriptions.py .....                        [ 23%]
tests/test_complyadvantage_webhook_fetch.py ............                 [ 23%]
tests/test_complyadvantage_webhook_handler.py .......................... [ 23%]
...                                                                      [ 23%]
tests/test_complyadvantage_webhook_integration.py .                      [ 23%]
tests/test_complyadvantage_webhook_mapping.py ....                       [ 23%]
tests/test_complyadvantage_webhook_storage.py .............              [ 24%]
tests/test_config.py ........                                            [ 24%]
tests/test_country_risk_governance.py ......                             [ 24%]
tests/test_country_risk_governance_ui_static.py ..                       [ 24%]
tests/test_create_applicant_country_fix.py ...........................   [ 24%]
tests/test_dashboard_metrics_truth.py .                                  [ 24%]
tests/test_day5_closing_smoke.py ......                                  [ 25%]
tests/test_day6_closing_runbook.py .....                                 [ 25%]
tests/test_day6_deployment_observability_docs.py ..                      [ 25%]
tests/test_day6_staging_smoke_workflow.py ....                           [ 25%]
tests/test_decision_model.py .....................................       [ 25%]
tests/test_decision_path_integrity_priority_b.py ....................... [ 26%]
..............                                                           [ 26%]
tests/test_declared_pep_truthfulness_priority_a2.py ...................  [ 26%]
tests/test_demo_auth_hardening.py ...                                    [ 27%]
tests/test_demo_safety.py ............                                   [ 27%]
tests/test_directors_ubos_report.py ..........                           [ 27%]
tests/test_directors_ubos_report_ui_static.py .....                      [ 27%]
tests/test_doc_policy_canonical_registry.py ........                     [ 27%]
tests/test_document_delete.py .........                                  [ 27%]
tests/test_document_download_safety.py .....                             [ 27%]
tests/test_document_health_monitor.py ...........                        [ 28%]
tests/test_document_reliance_gate.py ...........                         [ 28%]
tests/test_document_reliance_ui_static.py ..                             [ 28%]
tests/test_document_upload_storage.py ......................             [ 28%]
tests/test_document_versioning.py .............                          [ 28%]
tests/test_draft_persistence.py ......................................   [ 29%]
tests/test_dual_approval_race.py ...............                         [ 29%]
tests/test_edd_actuation_fk_safety.py ....                               [ 29%]
tests/test_edd_completion_recognition.py .............                   [ 30%]
tests/test_edd_memo_integration.py ..................................... [ 30%]
...........                                                              [ 31%]
tests/test_enhanced_requirement_memo.py .....                            [ 31%]
tests/test_enhanced_requirement_memo_static.py ..                        [ 31%]
tests/test_enhanced_requirement_settings.py ....................         [ 31%]
tests/test_environment.py .............................................  [ 32%]
tests/test_ex01_ex04_closure.py ...................                      [ 32%]
tests/test_ex08_applicant_id_validation.py ............                  [ 32%]
tests/test_ex11_ai_advisory_labels.py .................................. [ 33%]
................                                                         [ 33%]
tests/test_ex11_signoff_enforcement.py ................................. [ 34%]
...............................                                          [ 34%]
tests/test_ex12_client_security.py ..................................... [ 35%]
..............................................                           [ 36%]
tests/test_ex13_batch_refresh.py .................................       [ 37%]
tests/test_export_pack_ui_static.py ..........                           [ 37%]
tests/test_feature_flags.py ...........                                  [ 37%]
tests/test_fixture_exclusion.py ........................................ [ 38%]
...........                                                              [ 38%]
tests/test_flagged_doc_override.py ..............                        [ 38%]
tests/test_floor_rule_validation.py ............                         [ 38%]
tests/test_fresh_install_pg_chain.py s..                                 [ 38%]
tests/test_gdpr.py ..............                                        [ 39%]
tests/test_golden_path.py .......                                        [ 39%]
tests/test_idv_approval_gate.py ........                                 [ 39%]
tests/test_infra_db_compat.py ................                           [ 39%]
tests/test_inline_migration_v213_fk_safety.py ...s                       [ 39%]
tests/test_inline_screening_runtime.py .............                     [ 39%]
tests/test_integration.py ......                                         [ 40%]
tests/test_kyc_1a_sumsub_idv_visibility.py ................              [ 40%]
tests/test_kyc_docs_action_stability_static.py .....                     [ 40%]
tests/test_lifecycle_linkage.py ..........................               [ 40%]
tests/test_lifecycle_quarantine.py .......................               [ 41%]
tests/test_lifecycle_queue.py .......................................... [ 42%]
.                                                                        [ 42%]
tests/test_lifecycle_queue_handlers.py .................                 [ 42%]
tests/test_memo_ordering_gate.py ..                                      [ 42%]
tests/test_memo_original_risk_level.py .............                     [ 42%]
tests/test_memo_staleness_approval.py .............                      [ 42%]
tests/test_memo_staleness_hard_gate.py ..........                        [ 43%]
tests/test_migration_004_idempotency.py ..                               [ 43%]
tests/test_migration_005_idempotency.py ..                               [ 43%]
tests/test_migration_006_idempotency.py ..                               [ 43%]
tests/test_migration_007_idempotency.py ..                               [ 43%]
tests/test_migration_008_lifecycle_linkage.py ............               [ 43%]
tests/test_migration_010_dialect.py ....s                                [ 43%]
tests/test_migration_017_subscriptions.py sssss                          [ 43%]
tests/test_migration_020_historical_fixture_backfill.py ....             [ 43%]
tests/test_migration_026_supervisor_audit_schema_repair.py ...           [ 43%]
tests/test_migration_backfill_replay.py sss                              [ 43%]
tests/test_migration_chain_full.py ...s.s..                              [ 43%]
tests/test_migrations_runner_failure.py ....                             [ 43%]
tests/test_monitoring_alerts_sprint1_static.py ..............            [ 44%]
tests/test_monitoring_alerts_sprint2_api.py ....                         [ 44%]
tests/test_monitoring_automation.py ......                               [ 44%]
tests/test_monitoring_document_refresh_api.py .........                  [ 44%]
tests/test_monitoring_enrollment.py ............                         [ 44%]
tests/test_monitoring_routing.py ..................                      [ 45%]
tests/test_observability.py ....................                         [ 45%]
tests/test_officer_correction_ui_static.py .........                     [ 45%]
tests/test_officer_corrections.py ...................................... [ 46%]
......                                                                   [ 46%]
tests/test_party_utils_import.py ..............                          [ 46%]
tests/test_pass_with_fixes_approval.py .............                     [ 46%]
tests/test_pdf_generator.py ........                                     [ 47%]
tests/test_pep_portal_capture_display.py .......                         [ 47%]
tests/test_periodic_review_attestation.py .........                      [ 47%]
tests/test_periodic_review_baseline_application_level.py .......         [ 47%]
tests/test_periodic_review_baseline_simplified.py ....                   [ 47%]
tests/test_periodic_review_document_requests.py ...............          [ 47%]
tests/test_periodic_review_engine.py ................................... [ 48%]
..........................                                               [ 48%]
tests/test_periodic_review_findings_consolidation.py ...                 [ 48%]
tests/test_periodic_review_handlers.py ................................. [ 49%]
...............................                                          [ 50%]
tests/test_periodic_review_memo.py ....................                  [ 50%]
tests/test_periodic_review_notifications.py ...........                  [ 50%]
tests/test_periodic_review_phase1_canonical.py ......................... [ 51%]
............                                                             [ 51%]
tests/test_periodic_review_phase1_handlers.py ..........                 [ 51%]
tests/test_periodic_review_queue_hygiene.py ....                         [ 51%]
tests/test_periodic_review_reminders.py ..                               [ 51%]
tests/test_periodic_review_risk_reassessment.py ........                 [ 51%]
tests/test_periodic_review_workspace.py .........                        [ 51%]
tests/test_person_upload.py ....................                         [ 52%]
tests/test_phase1_2_wave2.py .......................                     [ 52%]
tests/test_phase1_remediation.py .............                           [ 52%]
tests/test_phase2_remediation.py ......                                  [ 53%]
tests/test_phase3_4_5_wave2.py ...............                           [ 53%]
tests/test_phase3_memo_integrity.py ..........................           [ 53%]
tests/test_phase4_remediation.py ......                                  [ 53%]
tests/test_phase4_reporting_evidence.py ..............                   [ 54%]
tests/test_phase4_verification_hardening.py ............................ [ 54%]
......                                                                   [ 54%]
tests/test_phase5_p1_hardening.py ...............                        [ 54%]
tests/test_phase6_complyadvantage_readiness.py .......                   [ 55%]
tests/test_pii_diagnostics.py ...                                        [ 55%]
tests/test_pii_encryption_hardening.py ...............................   [ 55%]
tests/test_pilot_scope_backend_lockdown.py .....                         [ 55%]
tests/test_pilot_scope_enterprise_modules_static.py .........            [ 55%]
tests/test_portal_cr_and_validation.py ........................          [ 56%]
tests/test_portal_periodic_review_attestation_static.py ...              [ 56%]
tests/test_portal_periodic_review_documents_static.py .                  [ 56%]
tests/test_portal_periodic_review_notification_static.py ....            [ 56%]
tests/test_portal_periodic_review_risk_privacy_static.py ..              [ 56%]
tests/test_portal_phone_country_codes.py ...                             [ 56%]
tests/test_portal_pilot_boundary_static.py ..............                [ 56%]
tests/test_portal_remediation.py ...............................         [ 57%]
tests/test_pr13_lifecycle_e2e_report.py ...                              [ 57%]
tests/test_pr15_production_readiness_report.py .......                   [ 57%]
tests/test_pr1_client_api_boundary.py .....                              [ 57%]
tests/test_pr1b_client_notification_boundary.py ....                     [ 57%]
tests/test_pr3_terminal_record_gate_reconciliation.py .......            [ 57%]
tests/test_pr4_screening_memo_readiness_metadata.py ....                 [ 57%]
tests/test_pr5_memo_governance.py .......                                [ 58%]
tests/test_pr5_verification_truthfulness.py ...                          [ 58%]
tests/test_pr5b_memo_concision.py ..........                             [ 58%]
tests/test_pr6_async_verification_foundation.py .........                [ 58%]
tests/test_pr6_idv_webhook_runtime_baseline.py .......                   [ 58%]
tests/test_pr6_observability_baseline.py .....                           [ 58%]
tests/test_pr7a_async_verification_worker_runtime.py ..........          [ 58%]
tests/test_pr7c_verification_execution_latency.py ....                   [ 58%]
tests/test_pr7e_async_state_propagation.py .....                         [ 59%]
tests/test_pr8_verification_reliability.py ........                      [ 59%]
tests/test_pr9_duplicate_file_hash.py ....                               [ 59%]
tests/test_pr_doc2a_agent1_evidence_control.py ............              [ 59%]
tests/test_pr_doc_recon1_policy_reconciliation.py ....                   [ 59%]
tests/test_pr_doc_ui1_backoffice_document_review.py ........             [ 59%]
tests/test_pr_doc_ui2_manus_compact_document_review.py .............     [ 59%]
tests/test_pr_doc_verify_coverage_ui_1.py .......                        [ 60%]
tests/test_pr_prs_b_evidence_gates.py ..............                     [ 60%]
tests/test_prescreening_fixes.py ....................................... [ 61%]
......                                                                   [ 61%]
tests/test_priority_b2_route_actuation.py ............................   [ 61%]
tests/test_priority_e_routing_actuator.py .....................          [ 61%]
tests/test_production_readiness.py ..................................... [ 62%]
....                                                                     [ 62%]
tests/test_prompt10_governance.py ................                       [ 63%]
tests/test_prompt7_auditability.py ........                              [ 63%]
tests/test_prompt9_scope.py ..........                                   [ 63%]
tests/test_provider_label_policy.py .......                              [ 63%]
tests/test_public_api.py ....................                            [ 63%]
tests/test_qa_smoke_user.py .                                            [ 63%]
tests/test_r10_portal_ownership.py .........                             [ 64%]
tests/test_r6_portal_and_validation.py ............................      [ 64%]
tests/test_r7_portal_post_500.py ....................                    [ 64%]
tests/test_r8_cross_tenant_ownership.py ...................              [ 65%]
tests/test_r9_portal_ownership.py ........                               [ 65%]
tests/test_report_analytics.py ................................          [ 65%]
tests/test_resume_draft_flow.py ............................             [ 66%]
tests/test_risk.py .........                                             [ 66%]
tests/test_risk_config_integrity.py .................................... [ 67%]
...................                                                      [ 67%]
tests/test_risk_config_shape.py ..............................           [ 68%]
tests/test_risk_display_integrity.py ........................            [ 68%]
tests/test_risk_elevation.py ........................................... [ 69%]
..........................                                               [ 69%]
tests/test_risk_hardening.py ........................................... [ 70%]
                                                                         [ 70%]
tests/test_risk_recomputation.py .................................       [ 71%]
tests/test_risk_scoring.py ............................................. [ 71%]
..                                                                       [ 71%]
tests/test_rmi_requests.py .....                                         [ 72%]
tests/test_role_naming_onboarding_officer_static.py .....                [ 72%]
tests/test_rule_engine.py .............................................. [ 72%]
.                                                                        [ 72%]
tests/test_runtime_file_security_regressions.py .......                  [ 73%]
tests/test_screening_adapter_complyadvantage.py ..........               [ 73%]
tests/test_screening_adapter_sumsub.py ................                  [ 73%]
tests/test_screening_blockers.py ................                        [ 73%]
tests/test_screening_clearance_validation_supervisor.py ...........      [ 74%]
tests/test_screening_complyadvantage_models.py ......................... [ 74%]
.                                                                        [ 74%]
tests/test_screening_complyadvantage_normalizer.py ..................... [ 74%]
.................                                                        [ 75%]
tests/test_screening_complyadvantage_url_canonicalization.py ........    [ 75%]
tests/test_screening_config.py .............................             [ 75%]
tests/test_screening_freshness.py ................................       [ 76%]
tests/test_screening_mode.py .......................                     [ 76%]
tests/test_screening_models.py ......................................... [ 77%]
..                                                                       [ 77%]
tests/test_screening_normalizer.py ................................      [ 78%]
tests/test_screening_parity.py .............                             [ 78%]
tests/test_screening_provider.py ...................                     [ 78%]
tests/test_screening_provider_registry.py ..........s.......             [ 79%]
tests/test_screening_queue.py ........................                   [ 79%]
tests/test_screening_queue_state_integrity.py ....................       [ 79%]
tests/test_screening_reports_normalized_parity.py .s.                    [ 79%]
tests/test_screening_review.py .........                                 [ 80%]
tests/test_screening_roundtrip.py ...................................... [ 80%]
........................................................................ [ 82%]
........................................................................ [ 83%]
........................................................................ [ 84%]
.........                                                                [ 84%]
tests/test_screening_routing.py ......                                   [ 84%]
tests/test_screening_shadow.py ..........                                [ 85%]
tests/test_screening_state_priority_a.py ............................... [ 85%]
.......................                                                  [ 86%]
tests/test_screening_storage.py .............................            [ 86%]
tests/test_screening_unit.py ...............................             [ 87%]
tests/test_security_hardening_extended.py .............................. [ 87%]
.................................................................        [ 88%]
tests/test_sprint35.py ........................................          [ 89%]
tests/test_staging_release_evidence.py ..                                [ 89%]
tests/test_startup_hang_fix.py ..............                            [ 89%]
tests/test_startup_legacy_monitoring_alerts.py ..ss                      [ 89%]
tests/test_status_lookup_contract.py ...                                 [ 89%]
tests/test_submit_resilience.py ....................                     [ 90%]
tests/test_sumsub_409_retry.py ..............                            [ 90%]
tests/test_sumsub_aml_entitlement_gate.py ..                             [ 90%]
tests/test_sumsub_aml_fix.py ...................                         [ 90%]
tests/test_sumsub_dual_sig.py ........................                   [ 91%]
tests/test_sumsub_error_enrichment.py .............                      [ 91%]
tests/test_sumsub_f01_f04.py .......................                     [ 92%]
tests/test_sumsub_hardening_pr14.py .......................              [ 92%]
tests/test_sumsub_integrity_hardening.py ............................    [ 92%]
tests/test_sumsub_level_split.py ...................                     [ 93%]
tests/test_sumsub_verification.py ...................................    [ 93%]
tests/test_supervisor.py ........................................        [ 94%]
tests/test_supervisor_warnings_approval.py .............                 [ 94%]
tests/test_temp_db_import_order.py .                                     [ 94%]
tests/test_under_review_state.py ...............                         [ 95%]
tests/test_upload_latency_contracts.py ......                            [ 95%]
tests/test_upload_latency_flag_exposure.py .                             [ 95%]
tests/test_upload_latency_telemetry.py ....                              [ 95%]
tests/test_validation_engine.py .................                        [ 95%]
tests/test_verification_integrity.py ................................    [ 96%]
tests/test_verification_matrix.py ...................................... [ 96%]
................................................                         [ 97%]
tests/test_version_endpoint.py ........                                  [ 97%]
tests/test_wave1_fixes.py ...............................                [ 98%]
tests/test_wave1_remediation.py .....................................    [ 99%]
tests/test_wave2_fixes.py .........................                      [ 99%]
tests/test_wave3_fixes.py ............                                   [ 99%]
tests/test_webhook_normalized_upsert.py ...........                      [100%]

================= 5564 passed, 17 skipped in 325.71s (0:05:25) =================
